2023-03-15 22:17:29,209 DEBUG [main] click handler received {'type': 'image_click', 'x': 377, 'y': 365, 'color': 'rgb(11,170,5)'}
2023-03-15 22:17:29,209 DEBUG [py_lib.pico_interfaces] color changed to (11, 170, 5), sending request
2023-03-15 22:17:29,541 DEBUG [py_lib.pico_interfaces] response from color request: <Response [200]>
2023-03-15 22:17:29,541 INFO [py_lib.pico_interfaces] color set to (11, 170, 5) with return code: 200
2023-03-15 22:17:30,210 DEBUG [main] click handler received {'type': 'memory_click', 'color': 'rgb(255, 255, 255)'}
2023-03-15 22:17:30,210 DEBUG [py_lib.pico_interfaces] color changed to (255, 255, 255), sending request
2023-03-15 22:17:30,560 DEBUG [py_lib.pico_interfaces] response from color request: <Response [200]>
2023-03-15 22:17:30,560 INFO [py_lib.pico_interfaces] color set to (255, 255, 255) with return code: 200
2023-03-15 22:17:31,080 DEBUG [main] click handler received {'type': 'brightness_click', 'x': 309, 'y': 39, 'brightness': 203}
2023-03-15 22:17:31,080 DEBUG [py_lib.pico_interfaces] brightness changed to 203, sending request
2023-03-15 22:17:31,334 DEBUG [py_lib.pico_interfaces] response from brightness request: <Response [200]>
2023-03-15 22:17:31,334 INFO [py_lib.pico_interfaces] bightness set to 203 with return code: 200
2023-03-15 22:17:32,204 DEBUG [main] click handler received {'type': 'brightness_click', 'x': 68, 'y': 34, 'brightness': 45}
2023-03-15 22:17:32,204 DEBUG [py_lib.pico_interfaces] brightness changed to 45, sending request
2023-03-15 22:17:32,354 DEBUG [py_lib.pico_interfaces] response from brightness request: <Response [200]>
2023-03-15 22:17:32,354 INFO [py_lib.pico_interfaces] bightness set to 45 with return code: 200
2023-03-15 22:17:33,043 DEBUG [main] click handler received {'type': 'brightness_click', 'x': 22, 'y': 32, 'brightness': 14}
2023-03-15 22:17:33,043 DEBUG [py_lib.pico_interfaces] brightness changed to 14, sending request
2023-03-15 22:17:33,644 DEBUG [py_lib.pico_interfaces] response from brightness request: <Response [200]>
2023-03-15 22:17:33,644 INFO [py_lib.pico_interfaces] bightness set to 14 with return code: 200
2023-03-15 22:17:34,142 DEBUG [main] click handler received {'type': 'memory_click', 'color': 'rgb(11, 170, 5)'}
2023-03-15 22:17:34,142 DEBUG [py_lib.pico_interfaces] color changed to (11, 170, 5), sending request
2023-03-15 22:17:34,661 DEBUG [py_lib.pico_interfaces] response from color request: <Response [200]>
2023-03-15 22:17:34,661 INFO [py_lib.pico_interfaces] color set to (11, 170, 5) with return code: 200
2023-03-15 22:17:36,287 DEBUG [main] click handler received {'type': 'image_click', 'x': 23, 'y': 352, 'color': 'rgb(10,4,152)'}
2023-03-15 22:17:36,287 DEBUG [py_lib.pico_interfaces] color changed to (10, 4, 152), sending request
2023-03-15 22:17:36,717 DEBUG [py_lib.pico_interfaces] response from color request: <Response [200]>
2023-03-15 22:17:36,718 INFO [py_lib.pico_interfaces] color set to (10, 4, 152) with return code: 200
2023-03-15 22:17:40,937 DEBUG [main] click handler received {'type': 'image_click', 'x': 27, 'y': 21, 'color': 'rgb(233,22,5)'}
2023-03-15 22:17:40,937 DEBUG [py_lib.pico_interfaces] color changed to (233, 22, 5), sending request
2023-03-15 22:17:41,960 DEBUG [py_lib.pico_interfaces] response from color request: <Response [200]>
2023-03-15 22:17:41,960 INFO [py_lib.pico_interfaces] color set to (233, 22, 5) with return code: 200
2023-03-15 22:17:43,119 DEBUG [main] click handler received {'type': 'image_click', 'x': 72, 'y': 25, 'color': 'rgb(233,91,5)'}
2023-03-15 22:17:43,119 DEBUG [py_lib.pico_interfaces] color changed to (233, 91, 5), sending request
2023-03-15 22:17:43,424 DEBUG [py_lib.pico_interfaces] response from color request: <Response [200]>
2023-03-15 22:17:43,424 INFO [py_lib.pico_interfaces] color set to (233, 91, 5) with return code: 200
2023-03-15 22:17:44,685 DEBUG [main] click handler received {'type': 'image_click', 'x': 120, 'y': 26, 'color': 'rgb(232,124,33)'}
2023-03-15 22:17:44,685 DEBUG [py_lib.pico_interfaces] color changed to (232, 124, 33), sending request
2023-03-15 22:17:44,914 DEBUG [py_lib.pico_interfaces] response from color request: <Response [200]>
2023-03-15 22:17:44,914 INFO [py_lib.pico_interfaces] color set to (232, 124, 33) with return code: 200
